<?xml version="1.0" encoding="UTF-8"?>
<!-- Generated by org.testng.reporters.JUnitXMLReporter -->
<testsuite ignored="0" hostname="LAPTOP-JUTD6478" failures="0" tests="3" name="Test" time="38.835" errors="0" timestamp="2025-08-23T15:16:38 IST">
  <testcase classname="com.orangehrm.runnerscripts.TestRunner" name="testcase" time="5.574"/>
  <testcase classname="com.orangehrm.runnerscripts.TestRunner" name="testcase" time="5.301"/>
  <testcase classname="com.orangehrm.runnerscripts.TestRunner" name="testcase" time="4.617"/>
</testsuite> <!-- Test -->
