<?xml version="1.0" encoding="UTF-8"?>
<!-- Generated by org.testng.reporters.JUnitXMLReporter -->
<testsuite ignored="0" hostname="LAPTOP-JUTD6478" failures="0" tests="3" name="Test" time="87.889" errors="0" timestamp="2025-08-31T12:53:28 IST">
  <testcase classname="com.orangehrm.runnerscripts.runnerTest" name="testcase" time="7.929"/>
  <testcase classname="com.orangehrm.runnerscripts.runnerTest" name="testcase" time="10.18"/>
  <testcase classname="com.orangehrm.runnerscripts.runnerTest" name="testcase" time="7.489"/>
</testsuite> <!-- Test -->
