<?xml version="1.0" encoding="UTF-8"?>
<testsuite xmlns:xsi="http://www.w3.org/2001/XMLSchema-instance" xsi:noNamespaceSchemaLocation="https://maven.apache.org/surefire/maven-surefire-plugin/xsd/surefire-test-report-3.0.xsd" version="3.0" name="TestSuite" time="90.975" tests="3" errors="0" skipped="0" failures="0">
  <properties>
[...]
</properties>
  <testcase name="testcase[abc, abc1, abc12](1)" classname="com.orangehrm.runnerscripts.runnerTest" time="7.946">
    <system-out><![CDATA[The suite named Test execution is started
2025-08-31T07:22:06.856973400Z main ERROR Log4j API could not find a logging provider.
The test named testcase execution is started
Runner
The test named testcase execution is success
]]></system-out>
    <system-err><![CDATA[SLF4J(W): No SLF4J providers were found.
SLF4J(W): Defaulting to no-operation (NOP) logger implementation
SLF4J(W): See https://www.slf4j.org/codes.html#noProviders for further details.
Starting ChromeDriver 139.0.7258.154 (9e0d6b2b47ffb17007b713429c9a302f9e43847f-refs/branch-heads/7258@{#2926}) on port 60582
Only local connections are allowed.
Please see https://chromedriver.chromium.org/security-considerations for suggestions on keeping ChromeDriver safe.
ChromeDriver was started successfully on port 60582.
Aug 31, 2025 12:52:05 PM org.openqa.selenium.remote.ProtocolHandshake createSession
INFO: Detected dialect: W3C
]]></system-err>
  </testcase>
  <testcase name="testcase[xyz, xyz1, xyz12](2)" classname="com.orangehrm.runnerscripts.runnerTest" time="10.197">
    <system-out><![CDATA[The test named testcase execution is started
Runner
The test named testcase execution is success
]]></system-out>
  </testcase>
  <testcase name="testcase[user, user1, user12](3)" classname="com.orangehrm.runnerscripts.runnerTest" time="7.512">
    <system-out><![CDATA[The test named testcase execution is started
Runner
The test named testcase execution is success
]]></system-out>
  </testcase>
</testsuite>