<?xml version="1.0" encoding="UTF-8"?>
<testng-results ignored="0" total="3" passed="3" failed="0" skipped="0">
  <reporter-output>
  </reporter-output>
  <suite started-at="2025-08-31T12:51:59 IST" name="Suite" finished-at="2025-08-31T12:53:27 IST" duration-ms="87889">
    <groups>
    </groups>
    <test started-at="2025-08-31T12:51:59 IST" name="Test" finished-at="2025-08-31T12:53:27 IST" duration-ms="87889">
      <class name="com.orangehrm.runnerscripts.runnerTest">
        <test-method is-config="true" signature="initBrowser(java.lang.String)[pri:0, instance:com.orangehrm.runnerscripts.runnerTest@1aa7ecca]" started-at="2025-08-31T12:51:59 IST" name="initBrowser" finished-at="2025-08-31T12:52:05 IST" duration-ms="6368" status="PASS">
          <params>
            <param index="0">
              <value>
                <![CDATA[chrome]]>
              </value>
            </param>
          </params>
          <reporter-output>
          </reporter-output>
        </test-method> <!-- initBrowser -->
        <test-method is-config="true" signature="launchApplication()[pri:0, instance:com.orangehrm.runnerscripts.runnerTest@1aa7ecca]" started-at="2025-08-31T12:52:14 IST" name="launchApplication" finished-at="2025-08-31T12:52:30 IST" duration-ms="15989" status="PASS">
          <reporter-output>
          </reporter-output>
        </test-method> <!-- launchApplication -->
        <test-method signature="testcase(java.lang.String,java.lang.String,java.lang.String)[pri:0, instance:com.orangehrm.runnerscripts.runnerTest@1aa7ecca]" started-at="2025-08-31T12:52:30 IST" name="testcase" data-provider="UserData" finished-at="2025-08-31T12:52:38 IST" duration-ms="7929" status="PASS">
          <params>
            <param index="0">
              <value>
                <![CDATA[abc]]>
              </value>
            </param>
            <param index="1">
              <value>
                <![CDATA[abc1]]>
              </value>
            </param>
            <param index="2">
              <value>
                <![CDATA[abc12]]>
              </value>
            </param>
          </params>
          <reporter-output>
          </reporter-output>
        </test-method> <!-- testcase -->
        <test-method is-config="true" signature="logout()[pri:0, instance:com.orangehrm.runnerscripts.runnerTest@1aa7ecca]" started-at="2025-08-31T12:52:38 IST" name="logout" finished-at="2025-08-31T12:52:41 IST" duration-ms="2449" status="PASS">
          <reporter-output>
          </reporter-output>
        </test-method> <!-- logout -->
        <test-method is-config="true" signature="launchApplication()[pri:0, instance:com.orangehrm.runnerscripts.runnerTest@1aa7ecca]" started-at="2025-08-31T12:52:41 IST" name="launchApplication" finished-at="2025-08-31T12:52:45 IST" duration-ms="4334" status="PASS">
          <reporter-output>
          </reporter-output>
        </test-method> <!-- launchApplication -->
        <test-method signature="testcase(java.lang.String,java.lang.String,java.lang.String)[pri:0, instance:com.orangehrm.runnerscripts.runnerTest@1aa7ecca]" started-at="2025-08-31T12:52:45 IST" name="testcase" data-provider="UserData" finished-at="2025-08-31T12:52:55 IST" duration-ms="10180" status="PASS">
          <params>
            <param index="0">
              <value>
                <![CDATA[xyz]]>
              </value>
            </param>
            <param index="1">
              <value>
                <![CDATA[xyz1]]>
              </value>
            </param>
            <param index="2">
              <value>
                <![CDATA[xyz12]]>
              </value>
            </param>
          </params>
          <reporter-output>
          </reporter-output>
        </test-method> <!-- testcase -->
        <test-method is-config="true" signature="logout()[pri:0, instance:com.orangehrm.runnerscripts.runnerTest@1aa7ecca]" started-at="2025-08-31T12:52:55 IST" name="logout" finished-at="2025-08-31T12:52:58 IST" duration-ms="2599" status="PASS">
          <reporter-output>
          </reporter-output>
        </test-method> <!-- logout -->
        <test-method is-config="true" signature="launchApplication()[pri:0, instance:com.orangehrm.runnerscripts.runnerTest@1aa7ecca]" started-at="2025-08-31T12:52:58 IST" name="launchApplication" finished-at="2025-08-31T12:53:02 IST" duration-ms="4296" status="PASS">
          <reporter-output>
          </reporter-output>
        </test-method> <!-- launchApplication -->
        <test-method signature="testcase(java.lang.String,java.lang.String,java.lang.String)[pri:0, instance:com.orangehrm.runnerscripts.runnerTest@1aa7ecca]" started-at="2025-08-31T12:53:02 IST" name="testcase" data-provider="UserData" finished-at="2025-08-31T12:53:09 IST" duration-ms="7489" status="PASS">
          <params>
            <param index="0">
              <value>
                <![CDATA[user]]>
              </value>
            </param>
            <param index="1">
              <value>
                <![CDATA[user1]]>
              </value>
            </param>
            <param index="2">
              <value>
                <![CDATA[user12]]>
              </value>
            </param>
          </params>
          <reporter-output>
          </reporter-output>
        </test-method> <!-- testcase -->
        <test-method is-config="true" signature="logout()[pri:0, instance:com.orangehrm.runnerscripts.runnerTest@1aa7ecca]" started-at="2025-08-31T12:53:09 IST" name="logout" finished-at="2025-08-31T12:53:12 IST" duration-ms="2425" status="PASS">
          <reporter-output>
          </reporter-output>
        </test-method> <!-- logout -->
        <test-method is-config="true" signature="closeBrowser()[pri:0, instance:com.orangehrm.runnerscripts.runnerTest@1aa7ecca]" started-at="2025-08-31T12:53:12 IST" name="closeBrowser" finished-at="2025-08-31T12:53:27 IST" duration-ms="14813" status="PASS">
          <reporter-output>
          </reporter-output>
        </test-method> <!-- closeBrowser -->
      </class> <!-- com.orangehrm.runnerscripts.runnerTest -->
    </test> <!-- Test -->
  </suite> <!-- Suite -->
</testng-results>
